[ERROR] 2019-08-22 11:16:55,852 __main__ logging_sample.py:38 페이지를 찾을 수 없습니다. (logging_example)
[ERROR] 2019-08-22 11:16:55,854 __main__ logging_sample.py:43 요청 중에 예외가 발생했습니다: MissingSchema("Invalid URL '#invalid_url': No schema supplied. Perhaps you meant http://#invalid_url?") (logging_example)
Traceback (most recent call last):
  File "D:/1.Workspace/1.Python/07.PythonCrawler/chapter_5/logging_sample.py", line 41, in logging_example
    r = requests.get('#invalid_url', timeout=1)
  File "C:\Anaconda3\lib\site-packages\requests\api.py", line 75, in get
    return request('get', url, params=params, **kwargs)
  File "C:\Anaconda3\lib\site-packages\requests\api.py", line 60, in request
    return session.request(method=method, url=url, **kwargs)
  File "C:\Anaconda3\lib\site-packages\requests\sessions.py", line 519, in request
    prep = self.prepare_request(req)
  File "C:\Anaconda3\lib\site-packages\requests\sessions.py", line 462, in prepare_request
    hooks=merge_hooks(request.hooks, self.hooks),
  File "C:\Anaconda3\lib\site-packages\requests\models.py", line 313, in prepare
    self.prepare_url(url, params)
  File "C:\Anaconda3\lib\site-packages\requests\models.py", line 387, in prepare_url
    raise MissingSchema(error)
requests.exceptions.MissingSchema: Invalid URL '#invalid_url': No schema supplied. Perhaps you meant http://#invalid_url?
[ERROR] 2019-08-22 11:19:45,569 __main__ 5-5-logging_sample.py:38 페이지를 찾을 수 없습니다. (logging_example)
[ERROR] 2019-08-22 11:19:45,571 __main__ 5-5-logging_sample.py:44 요청 중에 예외가 발생했습니다: MissingSchema("Invalid URL '#invalid_url': No schema supplied. Perhaps you meant http://#invalid_url?") (logging_example)
Traceback (most recent call last):
  File "D:/1.Workspace/1.Python/07.PythonCrawler/chapter_5/5-5-logging_sample.py", line 41, in logging_example
    r = requests.get('#invalid_url', timeout=1)
  File "C:\Anaconda3\lib\site-packages\requests\api.py", line 75, in get
    return request('get', url, params=params, **kwargs)
  File "C:\Anaconda3\lib\site-packages\requests\api.py", line 60, in request
    return session.request(method=method, url=url, **kwargs)
  File "C:\Anaconda3\lib\site-packages\requests\sessions.py", line 519, in request
    prep = self.prepare_request(req)
  File "C:\Anaconda3\lib\site-packages\requests\sessions.py", line 462, in prepare_request
    hooks=merge_hooks(request.hooks, self.hooks),
  File "C:\Anaconda3\lib\site-packages\requests\models.py", line 313, in prepare
    self.prepare_url(url, params)
  File "C:\Anaconda3\lib\site-packages\requests\models.py", line 387, in prepare_url
    raise MissingSchema(error)
requests.exceptions.MissingSchema: Invalid URL '#invalid_url': No schema supplied. Perhaps you meant http://#invalid_url?
[ERROR] 2019-08-22 11:22:35,901 __main__ 5-5-logging_sample.py:38 페이지를 찾을 수 없습니다. (logging_example)
[ERROR] 2019-08-22 11:22:35,904 __main__ 5-5-logging_sample.py:44 요청 중에 예외가 발생했습니다: MissingSchema("Invalid URL '#invalid_url': No schema supplied. Perhaps you meant http://#invalid_url?") (logging_example)
Traceback (most recent call last):
  File "D:/1.Workspace/1.Python/07.PythonCrawler/chapter_5/5-5-logging_sample.py", line 41, in logging_example
    r = requests.get('#invalid_url', timeout=1)
  File "C:\Anaconda3\lib\site-packages\requests\api.py", line 75, in get
    return request('get', url, params=params, **kwargs)
  File "C:\Anaconda3\lib\site-packages\requests\api.py", line 60, in request
    return session.request(method=method, url=url, **kwargs)
  File "C:\Anaconda3\lib\site-packages\requests\sessions.py", line 519, in request
    prep = self.prepare_request(req)
  File "C:\Anaconda3\lib\site-packages\requests\sessions.py", line 462, in prepare_request
    hooks=merge_hooks(request.hooks, self.hooks),
  File "C:\Anaconda3\lib\site-packages\requests\models.py", line 313, in prepare
    self.prepare_url(url, params)
  File "C:\Anaconda3\lib\site-packages\requests\models.py", line 387, in prepare_url
    raise MissingSchema(error)
requests.exceptions.MissingSchema: Invalid URL '#invalid_url': No schema supplied. Perhaps you meant http://#invalid_url?
